{
  "RSpec": {
    "coverage": {
      "/Users/alejandrotoledo/Documents/ruby and rails projects/booking-app-api-back-end/spec/controllers/api/v1/appointments_controller_spec.rb": {
        "lines": [
          1,
          null,
          1,
          null
        ]
      },
      "/Users/alejandrotoledo/Documents/ruby and rails projects/booking-app-api-back-end/spec/rails_helper.rb": {
        "lines": [
          1,
          1,
          null,
          1,
          1,
          null,
          1,
          2,
          null,
          null,
          1,
          null,
          null,
          1,
          1,
          1,
          1,
          null,
          null,
          null,
          null,
          1,
          1,
          null,
          null,
          null,
          null,
          null,
          null,
          null,
          null,
          null,
          null,
          null,
          null,
          null,
          null,
          null,
          null,
          null,
          null,
          null,
          null,
          1,
          null,
          0,
          0,
          null,
          1,
          null,
          1,
          null,
          null,
          1,
          null,
          null,
          1,
          1,
          1,
          null,
          null,
          null,
          1,
          36,
          36,
          null,
          null,
          null,
          null,
          null,
          null,
          1,
          null,
          null,
          null,
          null,
          null,
          null,
          null,
          null,
          null,
          null,
          null,
          null,
          null,
          null,
          1,
          1,
          null,
          null,
          1,
          null,
          null,
          null
        ]
      },
      "/Users/alejandrotoledo/Documents/ruby and rails projects/booking-app-api-back-end/config/environment.rb": {
        "lines": [
          null,
          1,
          null,
          null,
          1
        ]
      },
      "/Users/alejandrotoledo/Documents/ruby and rails projects/booking-app-api-back-end/config/application.rb": {
        "lines": [
          1,
          null,
          1,
          null,
          1,
          1,
          1,
          1,
          1,
          1,
          1,
          1,
          1,
          1,
          null,
          null,
          null,
          null,
          null,
          1,
          null,
          1,
          1,
          null,
          1,
          null,
          null,
          null,
          null,
          null,
          null,
          null,
          null,
          null,
          null,
          null,
          null,
          1,
          null,
          null
        ]
      },
      "/Users/alejandrotoledo/Documents/ruby and rails projects/booking-app-api-back-end/config/boot.rb": {
        "lines": [
          1,
          null,
          1,
          1
        ]
      },
      "/Users/alejandrotoledo/Documents/ruby and rails projects/booking-app-api-back-end/config/spring.rb": {
        "lines": [
          1,
          null,
          null,
          null,
          null,
          null
        ]
      },
      "/Users/alejandrotoledo/Documents/ruby and rails projects/booking-app-api-back-end/config/environments/test.rb": {
        "lines": [
          1,
          null,
          null,
          null,
          null,
          null,
          null,
          1,
          null,
          null,
          1,
          1,
          null,
          null,
          null,
          null,
          1,
          null,
          null,
          1,
          1,
          null,
          null,
          null,
          null,
          1,
          1,
          1,
          null,
          null,
          1,
          null,
          null,
          1,
          null,
          null,
          1,
          null,
          1,
          null,
          null,
          null,
          null,
          1,
          null,
          null,
          1,
          null,
          null,
          1,
          null,
          null,
          1,
          null,
          null,
          null,
          null,
          null,
          null,
          null
        ]
      },
      "/Users/alejandrotoledo/Documents/ruby and rails projects/booking-app-api-back-end/config/initializers/application_controller_renderer.rb": {
        "lines": [
          null,
          null,
          null,
          null,
          null,
          null,
          null,
          null
        ]
      },
      "/Users/alejandrotoledo/Documents/ruby and rails projects/booking-app-api-back-end/config/initializers/backtrace_silencers.rb": {
        "lines": [
          null,
          null,
          null,
          null,
          null,
          null,
          null,
          1
        ]
      },
      "/Users/alejandrotoledo/Documents/ruby and rails projects/booking-app-api-back-end/config/initializers/cors.rb": {
        "lines": [
          null,
          null,
          null,
          null,
          null,
          null,
          null,
          1,
          1,
          1,
          null,
          1,
          null,
          null,
          null,
          null
        ]
      },
      "/Users/alejandrotoledo/Documents/ruby and rails projects/booking-app-api-back-end/config/initializers/filter_parameter_logging.rb": {
        "lines": [
          null,
          null,
          null,
          1,
          null,
          null
        ]
      },
      "/Users/alejandrotoledo/Documents/ruby and rails projects/booking-app-api-back-end/config/initializers/inflections.rb": {
        "lines": [
          null,
          null,
          null,
          null,
          null,
          null,
          null,
          null,
          null,
          null,
          null,
          null,
          null,
          null,
          null,
          null
        ]
      },
      "/Users/alejandrotoledo/Documents/ruby and rails projects/booking-app-api-back-end/config/initializers/mime_types.rb": {
        "lines": [
          null,
          null,
          null,
          null
        ]
      },
      "/Users/alejandrotoledo/Documents/ruby and rails projects/booking-app-api-back-end/config/initializers/wrap_parameters.rb": {
        "lines": [
          null,
          null,
          null,
          null,
          null,
          null,
          1,
          2,
          null,
          null,
          null,
          null,
          null,
          null
        ]
      },
      "/Users/alejandrotoledo/Documents/ruby and rails projects/booking-app-api-back-end/spec/factories/appointmens.rb": {
        "lines": [
          1,
          1,
          1,
          1,
          1,
          1,
          1,
          null,
          null
        ]
      },
      "/Users/alejandrotoledo/Documents/ruby and rails projects/booking-app-api-back-end/spec/factories/restaurants.rb": {
        "lines": [
          1,
          1,
          15,
          15,
          15,
          15,
          null,
          null
        ]
      },
      "/Users/alejandrotoledo/Documents/ruby and rails projects/booking-app-api-back-end/spec/factories/users.rb": {
        "lines": [
          1,
          1,
          1,
          1,
          1,
          1,
          1,
          null,
          null
        ]
      },
      "/Users/alejandrotoledo/Documents/ruby and rails projects/booking-app-api-back-end/config/routes.rb": {
        "lines": [
          1,
          null,
          1,
          1,
          1,
          1,
          1,
          1,
          null,
          null,
          null
        ]
      },
      "/Users/alejandrotoledo/Documents/ruby and rails projects/booking-app-api-back-end/spec/support/request_spec_helper.rb": {
        "lines": [
          1,
          1,
          13,
          null,
          null
        ]
      },
      "/Users/alejandrotoledo/Documents/ruby and rails projects/booking-app-api-back-end/app/controllers/api/v1/appointments_controller.rb": {
        "lines": [
          1,
          1,
          0,
          null,
          null,
          1,
          0,
          0,
          null,
          0,
          null,
          null,
          1,
          null,
          1,
          0,
          null,
          null,
          1,
          0,
          null,
          null
        ]
      },
      "/Users/alejandrotoledo/Documents/ruby and rails projects/booking-app-api-back-end/app/controllers/application_controller.rb": {
        "lines": [
          1,
          1,
          null,
          1,
          1,
          null,
          1,
          10,
          null,
          null,
          1,
          1,
          null,
          null,
          1,
          1,
          null,
          0,
          null,
          0,
          0,
          0,
          null,
          null,
          null,
          1,
          1,
          null,
          0,
          0,
          null,
          null,
          1,
          1,
          null,
          1,
          null,
          null,
          1,
          1,
          null,
          null
        ]
      },
      "/Users/alejandrotoledo/Documents/ruby and rails projects/booking-app-api-back-end/app/controllers/concerns/response.rb": {
        "lines": [
          1,
          1,
          10,
          null,
          null
        ]
      },
      "/Users/alejandrotoledo/Documents/ruby and rails projects/booking-app-api-back-end/app/controllers/concerns/exception_handler.rb": {
        "lines": [
          1,
          null,
          1,
          null,
          1,
          1,
          2,
          null,
          null,
          1,
          2,
          null,
          null,
          null
        ]
      },
      "/Users/alejandrotoledo/Documents/ruby and rails projects/booking-app-api-back-end/spec/controllers/api/v1/restaurants_controller_spec.rb": {
        "lines": [
          1,
          null,
          1,
          null
        ]
      },
      "/Users/alejandrotoledo/Documents/ruby and rails projects/booking-app-api-back-end/app/controllers/api/v1/restaurants_controller.rb": {
        "lines": [
          1,
          1,
          1,
          null,
          1,
          2,
          2,
          null,
          null,
          1,
          4,
          2,
          null,
          null,
          1,
          2,
          null,
          null,
          1,
          2,
          2,
          null,
          null,
          1,
          1,
          1,
          null,
          null,
          1,
          null,
          1,
          6,
          null,
          null,
          1,
          7,
          null,
          null
        ]
      },
      "/Users/alejandrotoledo/Documents/ruby and rails projects/booking-app-api-back-end/spec/controllers/api/v1/users_controller_spec.rb": {
        "lines": [
          1,
          null,
          1,
          null
        ]
      },
      "/Users/alejandrotoledo/Documents/ruby and rails projects/booking-app-api-back-end/app/controllers/api/v1/users_controller.rb": {
        "lines": [
          1,
          1,
          null,
          1,
          10,
          10,
          8,
          8,
          null,
          2,
          null,
          null,
          null,
          1,
          null,
          1,
          10,
          null,
          null
        ]
      },
      "/Users/alejandrotoledo/Documents/ruby and rails projects/booking-app-api-back-end/spec/controllers/authentication_controller_spec.rb": {
        "lines": [
          1,
          null,
          1,
          null
        ]
      },
      "/Users/alejandrotoledo/Documents/ruby and rails projects/booking-app-api-back-end/spec/models/appointment_spec.rb": {
        "lines": [
          1,
          null,
          1,
          2,
          2,
          2,
          2,
          2,
          null
        ]
      },
      "/Users/alejandrotoledo/Documents/ruby and rails projects/booking-app-api-back-end/app/models/appointment.rb": {
        "lines": [
          1,
          1,
          1,
          1,
          null,
          null,
          null,
          null,
          null,
          null,
          null,
          null,
          null,
          null,
          null,
          null,
          null,
          null,
          null,
          null,
          null,
          null,
          null,
          null,
          null
        ]
      },
      "/Users/alejandrotoledo/Documents/ruby and rails projects/booking-app-api-back-end/app/models/application_record.rb": {
        "lines": [
          1,
          1,
          null
        ]
      },
      "/Users/alejandrotoledo/Documents/ruby and rails projects/booking-app-api-back-end/spec/models/restaurant_spec.rb": {
        "lines": [
          1,
          null,
          1,
          2,
          2,
          2,
          2,
          2,
          null
        ]
      },
      "/Users/alejandrotoledo/Documents/ruby and rails projects/booking-app-api-back-end/app/models/restaurant.rb": {
        "lines": [
          1,
          1,
          1,
          1,
          null
        ]
      },
      "/Users/alejandrotoledo/Documents/ruby and rails projects/booking-app-api-back-end/spec/models/user_spec.rb": {
        "lines": [
          1,
          null,
          1,
          2,
          2,
          2,
          2,
          null
        ]
      },
      "/Users/alejandrotoledo/Documents/ruby and rails projects/booking-app-api-back-end/app/models/user.rb": {
        "lines": [
          1,
          1,
          1,
          1,
          1,
          null,
          1,
          1,
          null,
          null
        ]
      },
      "/Users/alejandrotoledo/Documents/ruby and rails projects/booking-app-api-back-end/spec/requests/appointments_spec.rb": {
        "lines": [
          1,
          null,
          1,
          null,
          1,
          1,
          null,
          null,
          2,
          2,
          2,
          2,
          null,
          1,
          null,
          1,
          1,
          1,
          1,
          null,
          null,
          null
        ]
      },
      "/Users/alejandrotoledo/Documents/ruby and rails projects/booking-app-api-back-end/spec/requests/restaurants_spec.rb": {
        "lines": [
          1,
          null,
          1,
          null,
          14,
          6,
          null,
          1,
          3,
          null,
          1,
          1,
          1,
          null,
          null,
          1,
          1,
          null,
          null,
          null,
          1,
          5,
          null,
          1,
          1,
          1,
          1,
          null,
          null,
          1,
          1,
          null,
          null,
          null,
          1,
          3,
          null,
          1,
          1,
          null,
          null,
          1,
          1,
          null,
          null,
          null,
          null,
          1,
          1,
          1,
          2,
          null,
          null,
          3,
          null,
          1,
          1,
          null,
          null,
          1,
          1,
          null,
          null,
          null,
          1,
          3,
          null,
          1,
          1,
          null,
          null,
          1,
          1,
          null,
          null,
          null,
          null,
          null,
          1,
          3,
          null,
          1,
          3,
          null,
          1,
          1,
          null,
          null,
          1,
          1,
          null,
          null,
          null,
          null,
          1,
          2,
          null,
          1,
          1,
          null,
          null,
          null
        ]
      },
      "/Users/alejandrotoledo/Documents/ruby and rails projects/booking-app-api-back-end/spec/requests/users_spec.rb": {
        "lines": [
          1,
          null,
          1,
          null,
          1,
          8,
          null,
          null,
          null,
          9,
          null,
          1,
          1,
          1,
          1,
          null,
          null,
          1,
          1,
          null,
          null,
          null,
          1,
          3,
          null,
          1,
          1,
          null,
          null,
          1,
          1,
          null,
          null,
          null,
          null,
          null,
          1,
          1,
          3,
          3,
          null,
          1,
          1,
          1,
          null,
          null,
          1,
          1,
          null,
          null,
          null,
          1,
          3,
          3,
          null,
          1,
          1,
          null,
          null,
          1,
          1,
          null,
          null,
          null,
          null
        ]
      },
      "/Users/alejandrotoledo/Documents/ruby and rails projects/booking-app-api-back-end/app/controllers/api/v1/authentication_controller.rb": {
        "lines": [
          1,
          1,
          null,
          1,
          4,
          4,
          4,
          2,
          2,
          null,
          2,
          null,
          null,
          null,
          1,
          0,
          0,
          null,
          null,
          1,
          null,
          1,
          0,
          null,
          null,
          1,
          2,
          null,
          null
        ]
      }
    },
    "timestamp": 1664071849
  }
}
